2026-03-19 19:31:05,968 - data_preprocessing - DEBUG - Data loaded properly
2026-03-19 19:31:05,970 - data_preprocessing - DEBUG - Starting preprocessing for DataFrame
2026-03-19 19:31:05,973 - data_preprocessing - DEBUG - Target column encoded
2026-03-19 19:31:05,990 - data_preprocessing - DEBUG - Duplicates removed
2026-03-19 19:31:06,015 - data_preprocessing - ERROR - Error during text normalization: 
**********************************************************************
  Resource 'punkt_tab' not found.
  Please use the NLTK Downloader to obtain the resource:

  >>> import nltk
  >>> nltk.download('punkt_tab')

  For more information see: https://www.nltk.org/data.html

  Attempted to load 'tokenizers/punkt_tab/english/'

  Searched in:
    - 'C:\\Users\\mdparves/nltk_data'
    - 'C:\\Users\\mdparves\\AppData\\Local\\Python\\pythoncore-3.14-64\\nltk_data'
    - 'C:\\Users\\mdparves\\AppData\\Local\\Python\\pythoncore-3.14-64\\share\\nltk_data'
    - 'C:\\Users\\mdparves\\AppData\\Local\\Python\\pythoncore-3.14-64\\lib\\nltk_data'
    - 'C:\\Users\\mdparves\\AppData\\Roaming\\nltk_data'
    - 'C:\\nltk_data'
    - 'D:\\nltk_data'
    - 'E:\\nltk_data'
**********************************************************************

2026-03-19 19:31:06,018 - data_preprocessing - ERROR - Failed to complete the data transformation process: 
**********************************************************************
  Resource 'punkt_tab' not found.
  Please use the NLTK Downloader to obtain the resource:

  >>> import nltk
  >>> nltk.download('punkt_tab')

  For more information see: https://www.nltk.org/data.html

  Attempted to load 'tokenizers/punkt_tab/english/'

  Searched in:
    - 'C:\\Users\\mdparves/nltk_data'
    - 'C:\\Users\\mdparves\\AppData\\Local\\Python\\pythoncore-3.14-64\\nltk_data'
    - 'C:\\Users\\mdparves\\AppData\\Local\\Python\\pythoncore-3.14-64\\share\\nltk_data'
    - 'C:\\Users\\mdparves\\AppData\\Local\\Python\\pythoncore-3.14-64\\lib\\nltk_data'
    - 'C:\\Users\\mdparves\\AppData\\Roaming\\nltk_data'
    - 'C:\\nltk_data'
    - 'D:\\nltk_data'
    - 'E:\\nltk_data'
**********************************************************************

2026-03-19 19:32:26,374 - data_preprocessing - DEBUG - Data loaded properly
2026-03-19 19:32:26,374 - data_preprocessing - DEBUG - Starting preprocessing for DataFrame
2026-03-19 19:32:26,378 - data_preprocessing - DEBUG - Target column encoded
2026-03-19 19:32:26,383 - data_preprocessing - DEBUG - Duplicates removed
2026-03-19 19:32:37,723 - data_preprocessing - DEBUG - Text column transformed
2026-03-19 19:32:37,724 - data_preprocessing - DEBUG - Starting preprocessing for DataFrame
2026-03-19 19:32:37,725 - data_preprocessing - DEBUG - Target column encoded
2026-03-19 19:32:37,726 - data_preprocessing - DEBUG - Duplicates removed
2026-03-19 19:32:41,207 - data_preprocessing - DEBUG - Text column transformed
2026-03-19 19:32:41,288 - data_preprocessing - DEBUG - Processed data saved to ./data\interim
